<?xml version="1.0" encoding="UTF-8"?>
<!-- Generated by org.testng.reporters.JUnitReportReporter -->
<testsuite hostname="YolandeH-Dell2" failures="0" tests="1" name="testCasesDatePicker.testsDatePicker" time="1.759" errors="0" timestamp="07 May 2022 12:52:50 GMT" skipped="0">
  <testcase classname="testCasesDatePicker.testsDatePicker" name="datePickerTest" time="1.759"/>
</testsuite> <!-- testCasesDatePicker.testsDatePicker -->
