<?xml version="1.0" encoding="UTF-8"?>
<!-- Generated by org.testng.reporters.JUnitReportReporter -->
<testsuite hostname="YolandeH-Dell2" failures="0" tests="1" name="testCasesDatePicker.testsDatePicker" time="2.227" errors="0" timestamp="10 May 2022 11:43:11 GMT" skipped="0">
  <testcase classname="testCasesDatePicker.testsDatePicker" name="datePickerTest" time="2.227"/>
</testsuite> <!-- testCasesDatePicker.testsDatePicker -->
