<?xml version="1.0" encoding="UTF-8"?>
<!-- Generated by org.testng.reporters.JUnitReportReporter -->
<testsuite hostname="YolandeH-Dell2" failures="0" tests="1" name="testCasesTakeALot.Tests" time="1.963" errors="0" timestamp="26 Apr 2022 19:51:18 GMT" skipped="0">
  <testcase classname="testCasesTakeALot.Tests" name="GIVEN_shopperIsOnTheLandingPage_WHEN_shopperHoversOverTrollie_THEN_displayItemCount" time="1.963"/>
</testsuite> <!-- testCasesTakeALot.Tests -->
