<?xml version="1.0" encoding="UTF-8"?>
<!-- Generated by org.testng.reporters.JUnitReportReporter -->
<testsuite hostname="YolandeH-Dell2" failures="0" tests="1" name="testCasesTakeALot.Tests" time="1.682" errors="0" timestamp="07 Apr 2022 15:30:05 GMT" skipped="0">
  <testcase classname="testCasesTakeALot.Tests" name="GIVEN_shopperIsOnTheLandingPage_WHEN_shopperEntersDKNYasTheSearchString_AND_shopperClicksTheSearchButton_THEN_DKNYBeDelicious50mlIsDisplayedAsTheFirstItem" time="1.682"/>
</testsuite> <!-- testCasesTakeALot.Tests -->
