<?xml version="1.0" encoding="UTF-8"?>
<!-- Generated by org.testng.reporters.JUnitReportReporter -->
<testsuite hostname="YolandeH-Dell2" failures="0" tests="1" name="testCasesTakeALot.Tests" time="20.677" errors="0" timestamp="14 Apr 2022 07:06:24 GMT" skipped="0">
  <testcase classname="testCasesTakeALot.Tests" name="GIVEN_shopperIsOnTheLandingPage_WHEN_shopperEntersHillsasTheSearchString_AND_shopperClicksTheSearchButton_THEN_HillsIsDisplayedAsTheThirdItem" time="20.677"/>
</testsuite> <!-- testCasesTakeALot.Tests -->
