<?xml version="1.0" encoding="UTF-8"?>
<!-- Generated by org.testng.reporters.JUnitReportReporter -->
<testsuite hostname="YolandeH-Dell2" failures="0" tests="1" name="testCasesTakeALot.Tests" time="13.793" errors="0" timestamp="25 Apr 2022 07:55:52 GMT" skipped="0">
  <testcase classname="testCasesTakeALot.Tests" name="GIVEN_shopperOnLandingPage_WHEN_productSelectedFromExcel_THEN_addsToCart" time="13.793"/>
</testsuite> <!-- testCasesTakeALot.Tests -->
