<?xml version="1.0" encoding="UTF-8"?>
<!-- Generated by org.testng.reporters.JUnitReportReporter -->
<testsuite hostname="YolandeH-Dell2" failures="0" tests="8" name="testCasesTakeALot.Tests" time="26.916" errors="0" timestamp="15 Apr 2022 19:29:39 GMT" skipped="0">
  <testcase classname="testCasesTakeALot.Tests" name="GIVEN_shopperSelectedItem_WHEN_shopperAddsItemToCart_AND_shopperNavigatesToCart_THEN_checkThatItemIsAddedToCart" time="0.002"/>
  <testcase classname="testCasesTakeALot.Tests" name="GIVEN_shopperIsOnTheLandingPage_WHEN_shopperClicksCartButton_THEN_ChecksThatShopperIsOnCartPage_THEN_CheckThatCartIsEmpty" time="0.004"/>
  <testcase classname="testCasesTakeALot.Tests" name="GIVEN_shopperIsOnTheLandingPage_WHEN_shopperEntersGeniusAsTheSearchString_AND_shopperClicksTheSearchButton_THEN_GeniusIsDisplayedAsTheThirdItem" time="5.064"/>
  <testcase classname="testCasesTakeALot.Tests" name="GIVEN_shopperIsOnTheLandingPage_WHEN_shopperClicksOnDailyDeals_THEN_checkURL_AND_checkFirstItem" time="0.002"/>
  <testcase classname="testCasesTakeALot.Tests" name="GIVEN_shopperIsOnTheLandingPage_WHEN_shopperEntersHillsAsTheSearchString_AND_shopperClicksTheSearchButton_THEN_HillsIsDisplayedAsTheThirdItem" time="5.436"/>
  <testcase classname="testCasesTakeALot.Tests" name="GIVEN_shopperIsOnTheLandingPage_WHEN_shopperEntersBootAsTheSearchString_AND_shopperClicksTheSearchButton_THEN_BootIsDisplayedAsTheThirdItem" time="5.802"/>
  <testcase classname="testCasesTakeALot.Tests" name="GIVEN_shopperIsOnTheLandingPage_WHEN_shopperEntersDKNYasTheSearchString_AND_shopperClicksTheSearchButton_THEN_DKNYDisplayedAsTheFirstItem" time="5.338"/>
  <testcase classname="testCasesTakeALot.Tests" name="GIVEN_shopperIsOnTheLandingPage_WHEN_shopperEntersHillsasTheSearchString_AND_shopperClicksTheSearchButton_THEN_HillsIsDisplayedAsTheSecondItem" time="5.268"/>
</testsuite> <!-- testCasesTakeALot.Tests -->
