<?xml version="1.0" encoding="UTF-8"?>
<!-- Generated by org.testng.reporters.JUnitReportReporter -->
<testsuite hostname="YolandeH-Dell2" failures="0" tests="1" name="testCasesTakeALot.ReadDataFromExcel" time="0.005" errors="0" timestamp="24 Apr 2022 15:09:18 GMT" skipped="0">
  <testcase classname="testCasesTakeALot.ReadDataFromExcel" name="searchItem" time="0.005"/>
</testsuite> <!-- testCasesTakeALot.ReadDataFromExcel -->
