<?xml version="1.0" encoding="UTF-8"?>
<!-- Generated by org.testng.reporters.JUnitReportReporter -->
<testsuite hostname="YolandeH-Dell2" failures="0" tests="1" name="testCasesTakeALot.SingleTestForTestNGTesting" time="12.759" errors="0" timestamp="26 Apr 2022 23:04:55 GMT" skipped="0">
  <testcase classname="testCasesTakeALot.SingleTestForTestNGTesting" name="GIVEN_shopperOnLandingPage_WHEN_productSelectedFromExcel_THEN_addsToCart" time="12.759"/>
</testsuite> <!-- testCasesTakeALot.SingleTestForTestNGTesting -->
