<?xml version="1.0" encoding="UTF-8"?>
<!-- Generated by org.testng.reporters.JUnitReportReporter -->
<testsuite hostname="YolandeH-Dell2" failures="0" tests="1" name="testCasesTakeALot.RestBasicAuth" time="0.150" errors="0" timestamp="11 May 2022 18:26:48 GMT" skipped="0">
  <testcase classname="testCasesTakeALot.RestBasicAuth" name="AuthenticationBasics" time="0.150"/>
</testsuite> <!-- testCasesTakeALot.RestBasicAuth -->
