<?xml version="1.0" encoding="UTF-8"?>
<!-- Generated by org.testng.reporters.JUnitReportReporter -->
<testsuite hostname="YolandeH-Dell2" failures="1" tests="10" name="testCasesTakeALot.Tests" time="54.048" errors="0" timestamp="08 May 2022 10:07:15 GMT" skipped="0">
  <testcase classname="testCasesTakeALot.Tests" name="GIVEN_shopperIsOnTheLandingPage_WHEN_shopperHoversOverTrollie_THEN_displayItemCount" time="0.226">
    <failure message="expected [true] but found [false]" type="java.lang.AssertionError">
      <![CDATA[java.lang.AssertionError: expected [true] but found [false]
at org.testng.Assert.fail(Assert.java:96)
at org.testng.Assert.failNotEquals(Assert.java:776)
at org.testng.Assert.assertEqualsImpl(Assert.java:137)
at org.testng.Assert.assertEquals(Assert.java:118)
at org.testng.Assert.assertEquals(Assert.java:568)
at org.testng.Assert.assertEquals(Assert.java:578)
at testCasesTakeALot.Tests.GIVEN_shopperIsOnTheLandingPage_WHEN_shopperHoversOverTrollie_THEN_displayItemCount(Tests.java:381)
at java.base/jdk.internal.reflect.NativeMethodAccessorImpl.invoke0(Native Method)
at java.base/jdk.internal.reflect.NativeMethodAccessorImpl.invoke(NativeMethodAccessorImpl.java:77)
at java.base/jdk.internal.reflect.DelegatingMethodAccessorImpl.invoke(DelegatingMethodAccessorImpl.java:43)
at java.base/java.lang.reflect.Method.invoke(Method.java:568)
at org.testng.internal.MethodInvocationHelper.invokeMethod(MethodInvocationHelper.java:124)
at org.testng.internal.Invoker.invokeMethod(Invoker.java:583)
at org.testng.internal.Invoker.invokeTestMethod(Invoker.java:719)
at org.testng.internal.Invoker.invokeTestMethods(Invoker.java:989)
at org.testng.internal.TestMethodWorker.invokeTestMethods(TestMethodWorker.java:125)
at org.testng.internal.TestMethodWorker.run(TestMethodWorker.java:109)
at org.testng.TestRunner.privateRun(TestRunner.java:648)
at org.testng.TestRunner.run(TestRunner.java:505)
at org.testng.SuiteRunner.runTest(SuiteRunner.java:455)
at org.testng.SuiteRunner.runSequentially(SuiteRunner.java:450)
at org.testng.SuiteRunner.privateRun(SuiteRunner.java:415)
at org.testng.SuiteRunner.run(SuiteRunner.java:364)
at org.testng.SuiteRunnerWorker.runSuite(SuiteRunnerWorker.java:52)
at org.testng.SuiteRunnerWorker.run(SuiteRunnerWorker.java:84)
at org.testng.TestNG.runSuitesSequentially(TestNG.java:1208)
at org.testng.TestNG.runSuitesLocally(TestNG.java:1137)
at org.testng.TestNG.runSuites(TestNG.java:1049)
at org.testng.TestNG.run(TestNG.java:1017)
at org.testng.remote.AbstractRemoteTestNG.run(AbstractRemoteTestNG.java:115)
at org.testng.remote.RemoteTestNG.initAndRun(RemoteTestNG.java:251)
at org.testng.remote.RemoteTestNG.main(RemoteTestNG.java:77)
]]>
    </failure>
  </testcase> <!-- GIVEN_shopperIsOnTheLandingPage_WHEN_shopperHoversOverTrollie_THEN_displayItemCount -->
  <testcase classname="testCasesTakeALot.Tests" name="GIVEN_shopperIsOnTheLandingPage_WHEN_shopperEntersDKNYasTheSearchString_AND_shopperClicksTheSearchButton_THEN_DKNYDisplayedAsTheFirstItem" time="3.454"/>
  <testcase classname="testCasesTakeALot.Tests" name="GIVEN_shopperIsOnTheLandingPage_WHEN_shopperEntersGeniusAsTheSearchString_AND_shopperClicksTheSearchButton_THEN_GeniusIsDisplayedAsTheThirdItem" time="3.964"/>
  <testcase classname="testCasesTakeALot.Tests" name="GIVEN_shopperIsOnTheLandingPage_WHEN_shopperEntersHillsAsTheSearchString_AND_shopperClicksTheSearchButton_THEN_HillsIsDisplayedAsTheThirdItem" time="3.923"/>
  <testcase classname="testCasesTakeALot.Tests" name="TESTGIVEN_shopperIsOnTheLandingPage_WHEN_shopperEntersBootAsTheSearchString_AND_shopperClicksTheSearchButton_THEN_shopperAddsItemToCart" time="10.598"/>
  <testcase classname="testCasesTakeALot.Tests" name="GIVEN_shopperIsOnTheLandingPage_WHEN_shopperClicksCartButton_THEN_ChecksThatShopperIsOnCartPage_THEN_CheckThatCartIsEmpty" time="0.006"/>
  <testcase classname="testCasesTakeALot.Tests" name="GIVEN_shopperIsOnTheLandingPage_WHEN_shopperEntersHillsasTheSearchString_AND_shopperClicksTheSearchButton_THEN_HillsIsDisplayedAsTheSecondItem" time="3.425"/>
  <testcase classname="testCasesTakeALot.Tests" name="GIVEN_shopperIsOnTheLandingPage_WHEN_shopperEntersEcoFlowRIVERPro_AsTheSearchString_AND_shopperSelectsAnItem_THEN_shopperChecksUnitPrice_AND_addItemToCart" time="12.831"/>
  <testcase classname="testCasesTakeALot.Tests" name="GIVEN_shopperOnLandingPage_WHEN_productSelectedFromExcel_THEN_addsToCart" time="10.942"/>
  <testcase classname="testCasesTakeALot.Tests" name="GIVEN_shopperIsOnTheLandingPage_WHEN_shopperEntersBootAsTheSearchString_AND_shopperClicksTheSearchButton_THEN_BootIsDisplayedAsTheThirdItem" time="4.679"/>
</testsuite> <!-- testCasesTakeALot.Tests -->
