<?xml version="1.0" encoding="UTF-8"?>
<!-- Generated by org.testng.reporters.JUnitReportReporter -->
<testsuite hostname="YolandeH-Dell2" failures="0" tests="1" name="testCasesTakeALot.Tests" time="3.030" errors="0" timestamp="08 Apr 2022 06:30:40 GMT" skipped="0">
  <testcase classname="testCasesTakeALot.Tests" name="GIVEN_shopperIsOnTheLandingPage_WHEN_shopperEntersDKNYasTheSearchString_AND_shopperClicksTheSearchButton_THEN_DKNYBeDelicious50mlIsDisplayedAsTheFirstItem" time="3.030"/>
</testsuite> <!-- testCasesTakeALot.Tests -->
