<?xml version="1.0" encoding="UTF-8"?>
<!-- Generated by org.testng.reporters.JUnitReportReporter -->
<testsuite hostname="YolandeH-Dell2" failures="0" tests="5" name="testCasesTakeALot.WriteDataToFile" time="0.015" errors="0" timestamp="14 May 2022 13:08:42 GMT" skipped="0">
  <testcase classname="testCasesTakeALot.WriteDataToFile" name="writingToFile" time="0.005"/>
  <testcase classname="testCasesTakeALot.WriteDataToFile" name="writingToFile" time="0.003"/>
  <testcase classname="testCasesTakeALot.WriteDataToFile" name="writingToFile" time="0.003"/>
  <testcase classname="testCasesTakeALot.WriteDataToFile" name="writingToFile" time="0.002"/>
  <testcase classname="testCasesTakeALot.WriteDataToFile" name="writingToFile" time="0.002"/>
</testsuite> <!-- testCasesTakeALot.WriteDataToFile -->
