<?xml version="1.0" encoding="UTF-8"?>
<!-- Generated by org.testng.reporters.JUnitReportReporter -->
<testsuite hostname="YolandeH-Dell2" failures="0" tests="1" name="testCasesTakeALot.Tests" time="6.831" errors="0" timestamp="13 Apr 2022 20:41:18 GMT" skipped="0">
  <testcase classname="testCasesTakeALot.Tests" name="GIVEN_shopperIsOnTheLandingPage_WHEN_shopperEntersHillsasTheSearchString_AND_shopperClicksTheSearchButton_THEN_HillsIsDisplayedAsTheThirdItem" time="6.831"/>
</testsuite> <!-- testCasesTakeALot.Tests -->
