<?xml version="1.0" encoding="UTF-8"?>
<!-- Generated by org.testng.reporters.JUnitReportReporter -->
<testsuite hostname="YolandeH-Dell2" failures="0" tests="1" name="testCasesDatePicker.testsDatePicker" time="1.906" errors="0" timestamp="04 May 2022 20:14:24 GMT" skipped="0">
  <testcase classname="testCasesDatePicker.testsDatePicker" name="datePickerTest1" time="1.906"/>
</testsuite> <!-- testCasesDatePicker.testsDatePicker -->
