<?xml version="1.0" encoding="UTF-8"?>
<!-- Generated by org.testng.reporters.JUnitReportReporter -->
<testsuite hostname="YolandeH-Dell2" failures="0" tests="1" name="frameWorkClasses.Exceptions" time="0.007" errors="0" timestamp="19 Apr 2022 18:53:20 GMT" skipped="0">
  <testcase classname="frameWorkClasses.Exceptions" name="ArrayIndexOutOfBound_Demo" time="0.007"/>
</testsuite> <!-- frameWorkClasses.Exceptions -->
