<?xml version="1.0" encoding="UTF-8"?>
<!-- Generated by org.testng.reporters.JUnitReportReporter -->
<testsuite hostname="YolandeH-Dell2" failures="0" tests="1" name="pageObjectsTakeALot.Exceptions" time="0.018" errors="0" timestamp="19 Apr 2022 13:23:37 GMT" skipped="0">
  <testcase classname="pageObjectsTakeALot.Exceptions" name="ArithmeticException_Demo" time="0.018"/>
</testsuite> <!-- pageObjectsTakeALot.Exceptions -->
