<?xml version="1.0" encoding="UTF-8"?>
<!-- Generated by org.testng.reporters.JUnitReportReporter -->
<testsuite hostname="YolandeH-Dell2" failures="0" tests="1" name="testCasesTakeALot.RestDemo" time="1.165" errors="0" timestamp="11 May 2022 19:26:28 GMT" skipped="0">
  <testcase classname="testCasesTakeALot.RestDemo" name="getResponseExampleAndLoggingWithBaseURI" time="1.165"/>
</testsuite> <!-- testCasesTakeALot.RestDemo -->
